<?xml version="1.0" encoding="UTF-8"?>
<testsuite xmlns:xsi="http://www.w3.org/2001/XMLSchema-instance" xsi:noNamespaceSchemaLocation="https://maven.apache.org/surefire/maven-surefire-plugin/xsd/surefire-test-report-3.0.xsd" version="3.0" name="com.project.studygroupfinder.CourseRepositoryTest" time="3.963" tests="1" errors="0" skipped="0" failures="0">
  <properties>
[...]
</properties>
  <testcase name="testSaveAndFindCourse" classname="com.project.studygroupfinder.CourseRepositoryTest" time="0.488">
    <system-out><![CDATA[11:48:04.619 [main] INFO org.springframework.test.context.support.AnnotationConfigContextLoaderUtils -- Could not detect default configuration classes for test class [com.project.studygroupfinder.CourseRepositoryTest]: CourseRepositoryTest does not declare any static, non-private, non-final, nested classes annotated with @Configuration.
11:48:04.709 [main] INFO org.springframework.boot.test.context.SpringBootTestContextBootstrapper -- Found @SpringBootConfiguration com.project.studygroupfinder.Application for test class com.project.studygroupfinder.CourseRepositoryTest

  .   ____          _            __ _ _
 /\\ / ___'_ __ _ _(_)_ __  __ _ \ \ \ \
( ( )\___ | '_ | '_| | '_ \/ _` | \ \ \ \
 \\/  ___)| |_)| | | | | || (_| |  ) ) ) )
  '  |____| .__|_| |_|_| |_\__, | / / / /
 =========|_|==============|___/=/_/_/_/
 :: Spring Boot ::                (v3.2.4)

2024-04-11T11:48:04.983-04:00  INFO 34200 --- [study.group.finder] [           main] c.p.s.CourseRepositoryTest               : Starting CourseRepositoryTest using Java 21.0.2 with PID 34200 (started by natha in C:\Users\natha\3D Objects\Git\study.group.finder)
2024-04-11T11:48:04.984-04:00  INFO 34200 --- [study.group.finder] [           main] c.p.s.CourseRepositoryTest               : No active profile set, falling back to 1 default profile: "default"
2024-04-11T11:48:05.342-04:00  INFO 34200 --- [study.group.finder] [           main] .s.d.r.c.RepositoryConfigurationDelegate : Bootstrapping Spring Data JPA repositories in DEFAULT mode.
2024-04-11T11:48:05.383-04:00  INFO 34200 --- [study.group.finder] [           main] .s.d.r.c.RepositoryConfigurationDelegate : Finished Spring Data repository scanning in 35 ms. Found 3 JPA repository interfaces.
2024-04-11T11:48:05.810-04:00  INFO 34200 --- [study.group.finder] [           main] o.hibernate.jpa.internal.util.LogHelper  : HHH000204: Processing PersistenceUnitInfo [name: default]
2024-04-11T11:48:05.900-04:00  INFO 34200 --- [study.group.finder] [           main] org.hibernate.Version                    : HHH000412: Hibernate ORM core version 6.4.4.Final
2024-04-11T11:48:05.932-04:00  INFO 34200 --- [study.group.finder] [           main] o.h.c.internal.RegionFactoryInitiator    : HHH000026: Second-level cache disabled
2024-04-11T11:48:06.131-04:00  INFO 34200 --- [study.group.finder] [           main] o.s.o.j.p.SpringPersistenceUnitInfo      : No LoadTimeWeaver setup: ignoring JPA class transformer
2024-04-11T11:48:06.160-04:00  INFO 34200 --- [study.group.finder] [           main] com.zaxxer.hikari.HikariDataSource       : HikariPool-1 - Starting...
2024-04-11T11:48:06.434-04:00  INFO 34200 --- [study.group.finder] [           main] com.zaxxer.hikari.pool.HikariPool        : HikariPool-1 - Added connection com.mysql.cj.jdbc.ConnectionImpl@3a0896b3
2024-04-11T11:48:06.436-04:00  INFO 34200 --- [study.group.finder] [           main] com.zaxxer.hikari.HikariDataSource       : HikariPool-1 - Start completed.
2024-04-11T11:48:06.479-04:00  WARN 34200 --- [study.group.finder] [           main] org.hibernate.orm.deprecation            : HHH90000025: MySQL8Dialect does not need to be specified explicitly using 'hibernate.dialect' (remove the property setting and it will be selected by default)
2024-04-11T11:48:06.480-04:00  WARN 34200 --- [study.group.finder] [           main] org.hibernate.orm.deprecation            : HHH90000026: MySQL8Dialect has been deprecated; use org.hibernate.dialect.MySQLDialect instead
2024-04-11T11:48:07.266-04:00  INFO 34200 --- [study.group.finder] [           main] o.h.e.t.j.p.i.JtaPlatformInitiator       : HHH000489: No JTA platform available (set 'hibernate.transaction.jta.platform' to enable JTA platform integration)
2024-04-11T11:48:07.268-04:00  INFO 34200 --- [study.group.finder] [           main] j.LocalContainerEntityManagerFactoryBean : Initialized JPA EntityManagerFactory for persistence unit 'default'
2024-04-11T11:48:07.877-04:00  INFO 34200 --- [study.group.finder] [           main] o.s.s.web.DefaultSecurityFilterChain     : Will secure any request with [org.springframework.security.web.session.DisableEncodeUrlFilter@7612f385, org.springframework.security.web.context.request.async.WebAsyncManagerIntegrationFilter@330d16af, org.springframework.security.web.context.SecurityContextHolderFilter@19b0a9f2, org.springframework.security.web.header.HeaderWriterFilter@76bdfc19, org.springframework.security.web.csrf.CsrfFilter@531b1778, org.springframework.security.web.authentication.logout.LogoutFilter@2bbaf983, org.springframework.security.web.authentication.UsernamePasswordAuthenticationFilter@20a46227, org.springframework.security.web.savedrequest.RequestCacheAwareFilter@25890ce3, org.springframework.security.web.servletapi.SecurityContextHolderAwareRequestFilter@39b9dc35, org.springframework.security.web.authentication.AnonymousAuthenticationFilter@16f15a4, org.springframework.security.web.access.ExceptionTranslationFilter@6a26eee6, org.springframework.security.web.access.intercept.AuthorizationFilter@5feaafb3]
2024-04-11T11:48:07.943-04:00  INFO 34200 --- [study.group.finder] [           main] c.p.s.CourseRepositoryTest               : Started CourseRepositoryTest in 3.187 seconds (process running for 3.99)
Hibernate: insert into course (course_name) values (?)
]]></system-out>
    <system-err><![CDATA[WARNING: A Java agent has been loaded dynamically (C:\Users\natha\.m2\repository\net\bytebuddy\byte-buddy-agent\1.14.12\byte-buddy-agent-1.14.12.jar)
WARNING: If a serviceability tool is in use, please run with -XX:+EnableDynamicAgentLoading to hide this warning
WARNING: If a serviceability tool is not in use, please run with -Djdk.instrument.traceUsage for more information
WARNING: Dynamic loading of agents will be disallowed by default in a future release
]]></system-err>
  </testcase>
</testsuite>